<?xml version="1.0" encoding="UTF-8"?>
<testsuite xmlns:xsi="http://www.w3.org/2001/XMLSchema-instance" xsi:noNamespaceSchemaLocation="https://maven.apache.org/surefire/maven-surefire-plugin/xsd/surefire-test-report.xsd" name="com.qutronix.cloud.gateway.QutronixGatewayApplicationTests" time="5.306" tests="1" errors="0" skipped="0" failures="0">
  <properties>
    <property name="gopherProxySet" value="false"/>
    <property name="awt.toolkit" value="sun.lwawt.macosx.LWCToolkit"/>
    <property name="file.encoding.pkg" value="sun.io"/>
    <property name="java.specification.version" value="1.8"/>
    <property name="sun.cpu.isalist" value=""/>
    <property name="sun.jnu.encoding" value="UTF-8"/>
    <property name="java.class.path" value="/Users/mingyuexu/IdeaProjects/demo/qutronixcloud/qutronix-gateway/target/test-classes:/Users/mingyuexu/IdeaProjects/demo/qutronixcloud/qutronix-gateway/target/classes:/Users/mingyuexu/Desktop/qutronix-repository/com/alibaba/cloud/spring-cloud-starter-alibaba-nacos-discovery/2.1.0.RELEASE/spring-cloud-starter-alibaba-nacos-discovery-2.1.0.RELEASE.jar:/Users/mingyuexu/Desktop/qutronix-repository/com/alibaba/cloud/spring-cloud-alibaba-nacos-discovery/2.1.0.RELEASE/spring-cloud-alibaba-nacos-discovery-2.1.0.RELEASE.jar:/Users/mingyuexu/Desktop/qutronix-repository/com/alibaba/nacos/nacos-client/1.1.1/nacos-client-1.1.1.jar:/Users/mingyuexu/Desktop/qutronix-repository/com/alibaba/nacos/nacos-common/1.1.1/nacos-common-1.1.1.jar:/Users/mingyuexu/Desktop/qutronix-repository/commons-io/commons-io/2.2/commons-io-2.2.jar:/Users/mingyuexu/Desktop/qutronix-repository/org/apache/commons/commons-lang3/3.10/commons-lang3-3.10.jar:/Users/mingyuexu/Desktop/qutronix-repository/com/alibaba/nacos/nacos-api/1.1.1/nacos-api-1.1.1.jar:/Users/mingyuexu/Desktop/qutronix-repository/com/alibaba/fastjson/1.2.47/fastjson-1.2.47.jar:/Users/mingyuexu/Desktop/qutronix-repository/com/google/guava/guava/29.0-jre/guava-29.0-jre.jar:/Users/mingyuexu/Desktop/qutronix-repository/com/google/guava/failureaccess/1.0.1/failureaccess-1.0.1.jar:/Users/mingyuexu/Desktop/qutronix-repository/com/google/guava/listenablefuture/9999.0-empty-to-avoid-conflict-with-guava/listenablefuture-9999.0-empty-to-avoid-conflict-with-guava.jar:/Users/mingyuexu/Desktop/qutronix-repository/com/google/code/findbugs/jsr305/3.0.2/jsr305-3.0.2.jar:/Users/mingyuexu/Desktop/qutronix-repository/org/checkerframework/checker-qual/2.11.1/checker-qual-2.11.1.jar:/Users/mingyuexu/Desktop/qutronix-repository/com/google/errorprone/error_prone_annotations/2.3.4/error_prone_annotations-2.3.4.jar:/Users/mingyuexu/Desktop/qutronix-repository/com/google/j2objc/j2objc-annotations/1.3/j2objc-annotations-1.3.jar:/Users/mingyuexu/Desktop/qutronix-repository/commons-codec/commons-codec/1.14/commons-codec-1.14.jar:/Users/mingyuexu/Desktop/qutronix-repository/com/fasterxml/jackson/core/jackson-core/2.11.2/jackson-core-2.11.2.jar:/Users/mingyuexu/Desktop/qutronix-repository/com/fasterxml/jackson/core/jackson-databind/2.11.2/jackson-databind-2.11.2.jar:/Users/mingyuexu/Desktop/qutronix-repository/com/fasterxml/jackson/core/jackson-annotations/2.11.2/jackson-annotations-2.11.2.jar:/Users/mingyuexu/Desktop/qutronix-repository/io/prometheus/simpleclient/0.5.0/simpleclient-0.5.0.jar:/Users/mingyuexu/Desktop/qutronix-repository/org/springframework/cloud/spring-cloud-commons/2.2.5.RELEASE/spring-cloud-commons-2.2.5.RELEASE.jar:/Users/mingyuexu/Desktop/qutronix-repository/org/springframework/security/spring-security-crypto/5.3.4.RELEASE/spring-security-crypto-5.3.4.RELEASE.jar:/Users/mingyuexu/Desktop/qutronix-repository/org/springframework/cloud/spring-cloud-context/2.2.5.RELEASE/spring-cloud-context-2.2.5.RELEASE.jar:/Users/mingyuexu/Desktop/qutronix-repository/org/springframework/cloud/spring-cloud-starter-netflix-ribbon/2.2.5.RELEASE/spring-cloud-starter-netflix-ribbon-2.2.5.RELEASE.jar:/Users/mingyuexu/Desktop/qutronix-repository/org/springframework/cloud/spring-cloud-netflix-ribbon/2.2.5.RELEASE/spring-cloud-netflix-ribbon-2.2.5.RELEASE.jar:/Users/mingyuexu/Desktop/qutronix-repository/org/springframework/cloud/spring-cloud-netflix-archaius/2.2.5.RELEASE/spring-cloud-netflix-archaius-2.2.5.RELEASE.jar:/Users/mingyuexu/Desktop/qutronix-repository/org/springframework/cloud/spring-cloud-starter-netflix-archaius/2.2.5.RELEASE/spring-cloud-starter-netflix-archaius-2.2.5.RELEASE.jar:/Users/mingyuexu/Desktop/qutronix-repository/com/netflix/archaius/archaius-core/0.7.6/archaius-core-0.7.6.jar:/Users/mingyuexu/Desktop/qutronix-repository/commons-configuration/commons-configuration/1.8/commons-configuration-1.8.jar:/Users/mingyuexu/Desktop/qutronix-repository/com/netflix/ribbon/ribbon/2.3.0/ribbon-2.3.0.jar:/Users/mingyuexu/Desktop/qutronix-repository/com/netflix/ribbon/ribbon-transport/2.3.0/ribbon-transport-2.3.0.jar:/Users/mingyuexu/Desktop/qutronix-repository/io/reactivex/rxnetty-contexts/0.4.9/rxnetty-contexts-0.4.9.jar:/Users/mingyuexu/Desktop/qutronix-repository/io/reactivex/rxnetty-servo/0.4.9/rxnetty-servo-0.4.9.jar:/Users/mingyuexu/Desktop/qutronix-repository/com/netflix/hystrix/hystrix-core/1.5.18/hystrix-core-1.5.18.jar:/Users/mingyuexu/Desktop/qutronix-repository/org/hdrhistogram/HdrHistogram/2.1.9/HdrHistogram-2.1.9.jar:/Users/mingyuexu/Desktop/qutronix-repository/javax/inject/javax.inject/1/javax.inject-1.jar:/Users/mingyuexu/Desktop/qutronix-repository/io/reactivex/rxnetty/0.4.9/rxnetty-0.4.9.jar:/Users/mingyuexu/Desktop/qutronix-repository/com/netflix/ribbon/ribbon-core/2.3.0/ribbon-core-2.3.0.jar:/Users/mingyuexu/Desktop/qutronix-repository/commons-lang/commons-lang/2.6/commons-lang-2.6.jar:/Users/mingyuexu/Desktop/qutronix-repository/com/netflix/ribbon/ribbon-httpclient/2.3.0/ribbon-httpclient-2.3.0.jar:/Users/mingyuexu/Desktop/qutronix-repository/commons-collections/commons-collections/3.2.2/commons-collections-3.2.2.jar:/Users/mingyuexu/Desktop/qutronix-repository/org/apache/httpcomponents/httpclient/4.5.12/httpclient-4.5.12.jar:/Users/mingyuexu/Desktop/qutronix-repository/org/apache/httpcomponents/httpcore/4.4.13/httpcore-4.4.13.jar:/Users/mingyuexu/Desktop/qutronix-repository/com/sun/jersey/jersey-client/1.19.1/jersey-client-1.19.1.jar:/Users/mingyuexu/Desktop/qutronix-repository/com/sun/jersey/jersey-core/1.19.1/jersey-core-1.19.1.jar:/Users/mingyuexu/Desktop/qutronix-repository/javax/ws/rs/jsr311-api/1.1.1/jsr311-api-1.1.1.jar:/Users/mingyuexu/Desktop/qutronix-repository/com/sun/jersey/contribs/jersey-apache-client4/1.19.1/jersey-apache-client4-1.19.1.jar:/Users/mingyuexu/Desktop/qutronix-repository/com/netflix/servo/servo-core/0.12.21/servo-core-0.12.21.jar:/Users/mingyuexu/Desktop/qutronix-repository/com/netflix/netflix-commons/netflix-commons-util/0.3.0/netflix-commons-util-0.3.0.jar:/Users/mingyuexu/Desktop/qutronix-repository/com/netflix/ribbon/ribbon-loadbalancer/2.3.0/ribbon-loadbalancer-2.3.0.jar:/Users/mingyuexu/Desktop/qutronix-repository/com/netflix/netflix-commons/netflix-statistics/0.1.1/netflix-statistics-0.1.1.jar:/Users/mingyuexu/Desktop/qutronix-repository/io/reactivex/rxjava/1.3.8/rxjava-1.3.8.jar:/Users/mingyuexu/Desktop/qutronix-repository/com/alibaba/cloud/spring-cloud-starter-alibaba-nacos-config/2.1.0.RELEASE/spring-cloud-starter-alibaba-nacos-config-2.1.0.RELEASE.jar:/Users/mingyuexu/Desktop/qutronix-repository/com/alibaba/cloud/spring-cloud-alibaba-nacos-config/2.1.0.RELEASE/spring-cloud-alibaba-nacos-config-2.1.0.RELEASE.jar:/Users/mingyuexu/Desktop/qutronix-repository/org/springframework/cloud/spring-cloud-starter-gateway/2.2.5.RELEASE/spring-cloud-starter-gateway-2.2.5.RELEASE.jar:/Users/mingyuexu/Desktop/qutronix-repository/org/springframework/cloud/spring-cloud-starter/2.2.5.RELEASE/spring-cloud-starter-2.2.5.RELEASE.jar:/Users/mingyuexu/Desktop/qutronix-repository/org/springframework/security/spring-security-rsa/1.0.9.RELEASE/spring-security-rsa-1.0.9.RELEASE.jar:/Users/mingyuexu/Desktop/qutronix-repository/org/bouncycastle/bcpkix-jdk15on/1.64/bcpkix-jdk15on-1.64.jar:/Users/mingyuexu/Desktop/qutronix-repository/org/bouncycastle/bcprov-jdk15on/1.64/bcprov-jdk15on-1.64.jar:/Users/mingyuexu/Desktop/qutronix-repository/org/springframework/cloud/spring-cloud-gateway-core/2.2.5.RELEASE/spring-cloud-gateway-core-2.2.5.RELEASE.jar:/Users/mingyuexu/Desktop/qutronix-repository/org/springframework/boot/spring-boot-starter-validation/2.3.4.RELEASE/spring-boot-starter-validation-2.3.4.RELEASE.jar:/Users/mingyuexu/Desktop/qutronix-repository/org/glassfish/jakarta.el/3.0.3/jakarta.el-3.0.3.jar:/Users/mingyuexu/Desktop/qutronix-repository/org/hibernate/validator/hibernate-validator/6.1.5.Final/hibernate-validator-6.1.5.Final.jar:/Users/mingyuexu/Desktop/qutronix-repository/jakarta/validation/jakarta.validation-api/2.0.2/jakarta.validation-api-2.0.2.jar:/Users/mingyuexu/Desktop/qutronix-repository/org/jboss/logging/jboss-logging/3.4.1.Final/jboss-logging-3.4.1.Final.jar:/Users/mingyuexu/Desktop/qutronix-repository/com/fasterxml/classmate/1.5.1/classmate-1.5.1.jar:/Users/mingyuexu/Desktop/qutronix-repository/io/projectreactor/addons/reactor-extra/3.3.4.RELEASE/reactor-extra-3.3.4.RELEASE.jar:/Users/mingyuexu/Desktop/qutronix-repository/io/projectreactor/reactor-core/3.3.10.RELEASE/reactor-core-3.3.10.RELEASE.jar:/Users/mingyuexu/Desktop/qutronix-repository/org/reactivestreams/reactive-streams/1.0.3/reactive-streams-1.0.3.jar:/Users/mingyuexu/Desktop/qutronix-repository/org/springframework/boot/spring-boot-starter-webflux/2.3.4.RELEASE/spring-boot-starter-webflux-2.3.4.RELEASE.jar:/Users/mingyuexu/Desktop/qutronix-repository/org/springframework/boot/spring-boot-starter-json/2.3.4.RELEASE/spring-boot-starter-json-2.3.4.RELEASE.jar:/Users/mingyuexu/Desktop/qutronix-repository/com/fasterxml/jackson/datatype/jackson-datatype-jdk8/2.11.2/jackson-datatype-jdk8-2.11.2.jar:/Users/mingyuexu/Desktop/qutronix-repository/com/fasterxml/jackson/datatype/jackson-datatype-jsr310/2.11.2/jackson-datatype-jsr310-2.11.2.jar:/Users/mingyuexu/Desktop/qutronix-repository/com/fasterxml/jackson/module/jackson-module-parameter-names/2.11.2/jackson-module-parameter-names-2.11.2.jar:/Users/mingyuexu/Desktop/qutronix-repository/org/springframework/boot/spring-boot-starter-reactor-netty/2.3.4.RELEASE/spring-boot-starter-reactor-netty-2.3.4.RELEASE.jar:/Users/mingyuexu/Desktop/qutronix-repository/io/projectreactor/netty/reactor-netty/0.9.12.RELEASE/reactor-netty-0.9.12.RELEASE.jar:/Users/mingyuexu/Desktop/qutronix-repository/io/netty/netty-codec-http/4.1.52.Final/netty-codec-http-4.1.52.Final.jar:/Users/mingyuexu/Desktop/qutronix-repository/io/netty/netty-common/4.1.52.Final/netty-common-4.1.52.Final.jar:/Users/mingyuexu/Desktop/qutronix-repository/io/netty/netty-buffer/4.1.52.Final/netty-buffer-4.1.52.Final.jar:/Users/mingyuexu/Desktop/qutronix-repository/io/netty/netty-transport/4.1.52.Final/netty-transport-4.1.52.Final.jar:/Users/mingyuexu/Desktop/qutronix-repository/io/netty/netty-codec/4.1.52.Final/netty-codec-4.1.52.Final.jar:/Users/mingyuexu/Desktop/qutronix-repository/io/netty/netty-codec-http2/4.1.52.Final/netty-codec-http2-4.1.52.Final.jar:/Users/mingyuexu/Desktop/qutronix-repository/io/netty/netty-handler/4.1.52.Final/netty-handler-4.1.52.Final.jar:/Users/mingyuexu/Desktop/qutronix-repository/io/netty/netty-resolver/4.1.52.Final/netty-resolver-4.1.52.Final.jar:/Users/mingyuexu/Desktop/qutronix-repository/io/netty/netty-handler-proxy/4.1.52.Final/netty-handler-proxy-4.1.52.Final.jar:/Users/mingyuexu/Desktop/qutronix-repository/io/netty/netty-codec-socks/4.1.52.Final/netty-codec-socks-4.1.52.Final.jar:/Users/mingyuexu/Desktop/qutronix-repository/io/netty/netty-transport-native-epoll/4.1.52.Final/netty-transport-native-epoll-4.1.52.Final-linux-x86_64.jar:/Users/mingyuexu/Desktop/qutronix-repository/io/netty/netty-transport-native-unix-common/4.1.52.Final/netty-transport-native-unix-common-4.1.52.Final.jar:/Users/mingyuexu/Desktop/qutronix-repository/org/springframework/spring-web/5.2.9.RELEASE/spring-web-5.2.9.RELEASE.jar:/Users/mingyuexu/Desktop/qutronix-repository/org/springframework/spring-beans/5.2.9.RELEASE/spring-beans-5.2.9.RELEASE.jar:/Users/mingyuexu/Desktop/qutronix-repository/org/springframework/spring-webflux/5.2.9.RELEASE/spring-webflux-5.2.9.RELEASE.jar:/Users/mingyuexu/Desktop/qutronix-repository/org/synchronoss/cloud/nio-multipart-parser/1.1.0/nio-multipart-parser-1.1.0.jar:/Users/mingyuexu/Desktop/qutronix-repository/org/synchronoss/cloud/nio-stream-storage/1.1.3/nio-stream-storage-1.1.3.jar:/Users/mingyuexu/Desktop/qutronix-repository/org/springframework/boot/spring-boot-starter-test/2.3.4.RELEASE/spring-boot-starter-test-2.3.4.RELEASE.jar:/Users/mingyuexu/Desktop/qutronix-repository/org/springframework/boot/spring-boot-starter/2.3.4.RELEASE/spring-boot-starter-2.3.4.RELEASE.jar:/Users/mingyuexu/Desktop/qutronix-repository/org/springframework/boot/spring-boot/2.3.4.RELEASE/spring-boot-2.3.4.RELEASE.jar:/Users/mingyuexu/Desktop/qutronix-repository/org/springframework/spring-context/5.2.9.RELEASE/spring-context-5.2.9.RELEASE.jar:/Users/mingyuexu/Desktop/qutronix-repository/org/springframework/spring-aop/5.2.9.RELEASE/spring-aop-5.2.9.RELEASE.jar:/Users/mingyuexu/Desktop/qutronix-repository/org/springframework/spring-expression/5.2.9.RELEASE/spring-expression-5.2.9.RELEASE.jar:/Users/mingyuexu/Desktop/qutronix-repository/org/springframework/boot/spring-boot-autoconfigure/2.3.4.RELEASE/spring-boot-autoconfigure-2.3.4.RELEASE.jar:/Users/mingyuexu/Desktop/qutronix-repository/org/springframework/boot/spring-boot-starter-logging/2.3.4.RELEASE/spring-boot-starter-logging-2.3.4.RELEASE.jar:/Users/mingyuexu/Desktop/qutronix-repository/ch/qos/logback/logback-classic/1.2.3/logback-classic-1.2.3.jar:/Users/mingyuexu/Desktop/qutronix-repository/ch/qos/logback/logback-core/1.2.3/logback-core-1.2.3.jar:/Users/mingyuexu/Desktop/qutronix-repository/org/apache/logging/log4j/log4j-to-slf4j/2.13.3/log4j-to-slf4j-2.13.3.jar:/Users/mingyuexu/Desktop/qutronix-repository/org/apache/logging/log4j/log4j-api/2.13.3/log4j-api-2.13.3.jar:/Users/mingyuexu/Desktop/qutronix-repository/org/slf4j/jul-to-slf4j/1.7.30/jul-to-slf4j-1.7.30.jar:/Users/mingyuexu/Desktop/qutronix-repository/jakarta/annotation/jakarta.annotation-api/1.3.5/jakarta.annotation-api-1.3.5.jar:/Users/mingyuexu/Desktop/qutronix-repository/org/yaml/snakeyaml/1.26/snakeyaml-1.26.jar:/Users/mingyuexu/Desktop/qutronix-repository/org/springframework/boot/spring-boot-test/2.3.4.RELEASE/spring-boot-test-2.3.4.RELEASE.jar:/Users/mingyuexu/Desktop/qutronix-repository/org/springframework/boot/spring-boot-test-autoconfigure/2.3.4.RELEASE/spring-boot-test-autoconfigure-2.3.4.RELEASE.jar:/Users/mingyuexu/Desktop/qutronix-repository/com/jayway/jsonpath/json-path/2.4.0/json-path-2.4.0.jar:/Users/mingyuexu/Desktop/qutronix-repository/net/minidev/json-smart/2.3/json-smart-2.3.jar:/Users/mingyuexu/Desktop/qutronix-repository/net/minidev/accessors-smart/1.2/accessors-smart-1.2.jar:/Users/mingyuexu/Desktop/qutronix-repository/org/ow2/asm/asm/5.0.4/asm-5.0.4.jar:/Users/mingyuexu/Desktop/qutronix-repository/org/slf4j/slf4j-api/1.7.30/slf4j-api-1.7.30.jar:/Users/mingyuexu/Desktop/qutronix-repository/jakarta/xml/bind/jakarta.xml.bind-api/2.3.3/jakarta.xml.bind-api-2.3.3.jar:/Users/mingyuexu/Desktop/qutronix-repository/jakarta/activation/jakarta.activation-api/1.2.2/jakarta.activation-api-1.2.2.jar:/Users/mingyuexu/Desktop/qutronix-repository/org/assertj/assertj-core/3.16.1/assertj-core-3.16.1.jar:/Users/mingyuexu/Desktop/qutronix-repository/org/hamcrest/hamcrest/2.2/hamcrest-2.2.jar:/Users/mingyuexu/Desktop/qutronix-repository/org/junit/jupiter/junit-jupiter/5.6.2/junit-jupiter-5.6.2.jar:/Users/mingyuexu/Desktop/qutronix-repository/org/junit/jupiter/junit-jupiter-api/5.6.2/junit-jupiter-api-5.6.2.jar:/Users/mingyuexu/Desktop/qutronix-repository/org/apiguardian/apiguardian-api/1.1.0/apiguardian-api-1.1.0.jar:/Users/mingyuexu/Desktop/qutronix-repository/org/opentest4j/opentest4j/1.2.0/opentest4j-1.2.0.jar:/Users/mingyuexu/Desktop/qutronix-repository/org/junit/platform/junit-platform-commons/1.6.2/junit-platform-commons-1.6.2.jar:/Users/mingyuexu/Desktop/qutronix-repository/org/junit/jupiter/junit-jupiter-params/5.6.2/junit-jupiter-params-5.6.2.jar:/Users/mingyuexu/Desktop/qutronix-repository/org/junit/jupiter/junit-jupiter-engine/5.6.2/junit-jupiter-engine-5.6.2.jar:/Users/mingyuexu/Desktop/qutronix-repository/org/junit/platform/junit-platform-engine/1.6.2/junit-platform-engine-1.6.2.jar:/Users/mingyuexu/Desktop/qutronix-repository/org/mockito/mockito-core/3.3.3/mockito-core-3.3.3.jar:/Users/mingyuexu/Desktop/qutronix-repository/net/bytebuddy/byte-buddy/1.10.14/byte-buddy-1.10.14.jar:/Users/mingyuexu/Desktop/qutronix-repository/net/bytebuddy/byte-buddy-agent/1.10.14/byte-buddy-agent-1.10.14.jar:/Users/mingyuexu/Desktop/qutronix-repository/org/objenesis/objenesis/2.6/objenesis-2.6.jar:/Users/mingyuexu/Desktop/qutronix-repository/org/mockito/mockito-junit-jupiter/3.3.3/mockito-junit-jupiter-3.3.3.jar:/Users/mingyuexu/Desktop/qutronix-repository/org/skyscreamer/jsonassert/1.5.0/jsonassert-1.5.0.jar:/Users/mingyuexu/Desktop/qutronix-repository/com/vaadin/external/google/android-json/0.0.20131108.vaadin1/android-json-0.0.20131108.vaadin1.jar:/Users/mingyuexu/Desktop/qutronix-repository/org/springframework/spring-core/5.2.9.RELEASE/spring-core-5.2.9.RELEASE.jar:/Users/mingyuexu/Desktop/qutronix-repository/org/springframework/spring-jcl/5.2.9.RELEASE/spring-jcl-5.2.9.RELEASE.jar:/Users/mingyuexu/Desktop/qutronix-repository/org/springframework/spring-test/5.2.9.RELEASE/spring-test-5.2.9.RELEASE.jar:/Users/mingyuexu/Desktop/qutronix-repository/org/xmlunit/xmlunit-core/2.7.0/xmlunit-core-2.7.0.jar:"/>
    <property name="java.vm.vendor" value="Oracle Corporation"/>
    <property name="sun.arch.data.model" value="64"/>
    <property name="java.vendor.url" value="http://java.oracle.com/"/>
    <property name="user.timezone" value=""/>
    <property name="java.vm.specification.version" value="1.8"/>
    <property name="os.name" value="Mac OS X"/>
    <property name="user.country" value="CN"/>
    <property name="sun.java.launcher" value="SUN_STANDARD"/>
    <property name="sun.boot.library.path" value="/Library/Java/JavaVirtualMachines/jdk1.8.0_261.jdk/Contents/Home/jre/lib"/>
    <property name="sun.java.command" value="/Users/mingyuexu/IdeaProjects/demo/qutronixcloud/qutronix-gateway/target/surefire/surefirebooter1540324462657528675.jar /Users/mingyuexu/IdeaProjects/demo/qutronixcloud/qutronix-gateway/target/surefire 2020-11-20T16-17-47_877-jvmRun1 surefire2208185769120617809tmp surefire_01546233076987580576tmp"/>
    <property name="surefire.test.class.path" value="/Users/mingyuexu/IdeaProjects/demo/qutronixcloud/qutronix-gateway/target/test-classes:/Users/mingyuexu/IdeaProjects/demo/qutronixcloud/qutronix-gateway/target/classes:/Users/mingyuexu/Desktop/qutronix-repository/com/alibaba/cloud/spring-cloud-starter-alibaba-nacos-discovery/2.1.0.RELEASE/spring-cloud-starter-alibaba-nacos-discovery-2.1.0.RELEASE.jar:/Users/mingyuexu/Desktop/qutronix-repository/com/alibaba/cloud/spring-cloud-alibaba-nacos-discovery/2.1.0.RELEASE/spring-cloud-alibaba-nacos-discovery-2.1.0.RELEASE.jar:/Users/mingyuexu/Desktop/qutronix-repository/com/alibaba/nacos/nacos-client/1.1.1/nacos-client-1.1.1.jar:/Users/mingyuexu/Desktop/qutronix-repository/com/alibaba/nacos/nacos-common/1.1.1/nacos-common-1.1.1.jar:/Users/mingyuexu/Desktop/qutronix-repository/commons-io/commons-io/2.2/commons-io-2.2.jar:/Users/mingyuexu/Desktop/qutronix-repository/org/apache/commons/commons-lang3/3.10/commons-lang3-3.10.jar:/Users/mingyuexu/Desktop/qutronix-repository/com/alibaba/nacos/nacos-api/1.1.1/nacos-api-1.1.1.jar:/Users/mingyuexu/Desktop/qutronix-repository/com/alibaba/fastjson/1.2.47/fastjson-1.2.47.jar:/Users/mingyuexu/Desktop/qutronix-repository/com/google/guava/guava/29.0-jre/guava-29.0-jre.jar:/Users/mingyuexu/Desktop/qutronix-repository/com/google/guava/failureaccess/1.0.1/failureaccess-1.0.1.jar:/Users/mingyuexu/Desktop/qutronix-repository/com/google/guava/listenablefuture/9999.0-empty-to-avoid-conflict-with-guava/listenablefuture-9999.0-empty-to-avoid-conflict-with-guava.jar:/Users/mingyuexu/Desktop/qutronix-repository/com/google/code/findbugs/jsr305/3.0.2/jsr305-3.0.2.jar:/Users/mingyuexu/Desktop/qutronix-repository/org/checkerframework/checker-qual/2.11.1/checker-qual-2.11.1.jar:/Users/mingyuexu/Desktop/qutronix-repository/com/google/errorprone/error_prone_annotations/2.3.4/error_prone_annotations-2.3.4.jar:/Users/mingyuexu/Desktop/qutronix-repository/com/google/j2objc/j2objc-annotations/1.3/j2objc-annotations-1.3.jar:/Users/mingyuexu/Desktop/qutronix-repository/commons-codec/commons-codec/1.14/commons-codec-1.14.jar:/Users/mingyuexu/Desktop/qutronix-repository/com/fasterxml/jackson/core/jackson-core/2.11.2/jackson-core-2.11.2.jar:/Users/mingyuexu/Desktop/qutronix-repository/com/fasterxml/jackson/core/jackson-databind/2.11.2/jackson-databind-2.11.2.jar:/Users/mingyuexu/Desktop/qutronix-repository/com/fasterxml/jackson/core/jackson-annotations/2.11.2/jackson-annotations-2.11.2.jar:/Users/mingyuexu/Desktop/qutronix-repository/io/prometheus/simpleclient/0.5.0/simpleclient-0.5.0.jar:/Users/mingyuexu/Desktop/qutronix-repository/org/springframework/cloud/spring-cloud-commons/2.2.5.RELEASE/spring-cloud-commons-2.2.5.RELEASE.jar:/Users/mingyuexu/Desktop/qutronix-repository/org/springframework/security/spring-security-crypto/5.3.4.RELEASE/spring-security-crypto-5.3.4.RELEASE.jar:/Users/mingyuexu/Desktop/qutronix-repository/org/springframework/cloud/spring-cloud-context/2.2.5.RELEASE/spring-cloud-context-2.2.5.RELEASE.jar:/Users/mingyuexu/Desktop/qutronix-repository/org/springframework/cloud/spring-cloud-starter-netflix-ribbon/2.2.5.RELEASE/spring-cloud-starter-netflix-ribbon-2.2.5.RELEASE.jar:/Users/mingyuexu/Desktop/qutronix-repository/org/springframework/cloud/spring-cloud-netflix-ribbon/2.2.5.RELEASE/spring-cloud-netflix-ribbon-2.2.5.RELEASE.jar:/Users/mingyuexu/Desktop/qutronix-repository/org/springframework/cloud/spring-cloud-netflix-archaius/2.2.5.RELEASE/spring-cloud-netflix-archaius-2.2.5.RELEASE.jar:/Users/mingyuexu/Desktop/qutronix-repository/org/springframework/cloud/spring-cloud-starter-netflix-archaius/2.2.5.RELEASE/spring-cloud-starter-netflix-archaius-2.2.5.RELEASE.jar:/Users/mingyuexu/Desktop/qutronix-repository/com/netflix/archaius/archaius-core/0.7.6/archaius-core-0.7.6.jar:/Users/mingyuexu/Desktop/qutronix-repository/commons-configuration/commons-configuration/1.8/commons-configuration-1.8.jar:/Users/mingyuexu/Desktop/qutronix-repository/com/netflix/ribbon/ribbon/2.3.0/ribbon-2.3.0.jar:/Users/mingyuexu/Desktop/qutronix-repository/com/netflix/ribbon/ribbon-transport/2.3.0/ribbon-transport-2.3.0.jar:/Users/mingyuexu/Desktop/qutronix-repository/io/reactivex/rxnetty-contexts/0.4.9/rxnetty-contexts-0.4.9.jar:/Users/mingyuexu/Desktop/qutronix-repository/io/reactivex/rxnetty-servo/0.4.9/rxnetty-servo-0.4.9.jar:/Users/mingyuexu/Desktop/qutronix-repository/com/netflix/hystrix/hystrix-core/1.5.18/hystrix-core-1.5.18.jar:/Users/mingyuexu/Desktop/qutronix-repository/org/hdrhistogram/HdrHistogram/2.1.9/HdrHistogram-2.1.9.jar:/Users/mingyuexu/Desktop/qutronix-repository/javax/inject/javax.inject/1/javax.inject-1.jar:/Users/mingyuexu/Desktop/qutronix-repository/io/reactivex/rxnetty/0.4.9/rxnetty-0.4.9.jar:/Users/mingyuexu/Desktop/qutronix-repository/com/netflix/ribbon/ribbon-core/2.3.0/ribbon-core-2.3.0.jar:/Users/mingyuexu/Desktop/qutronix-repository/commons-lang/commons-lang/2.6/commons-lang-2.6.jar:/Users/mingyuexu/Desktop/qutronix-repository/com/netflix/ribbon/ribbon-httpclient/2.3.0/ribbon-httpclient-2.3.0.jar:/Users/mingyuexu/Desktop/qutronix-repository/commons-collections/commons-collections/3.2.2/commons-collections-3.2.2.jar:/Users/mingyuexu/Desktop/qutronix-repository/org/apache/httpcomponents/httpclient/4.5.12/httpclient-4.5.12.jar:/Users/mingyuexu/Desktop/qutronix-repository/org/apache/httpcomponents/httpcore/4.4.13/httpcore-4.4.13.jar:/Users/mingyuexu/Desktop/qutronix-repository/com/sun/jersey/jersey-client/1.19.1/jersey-client-1.19.1.jar:/Users/mingyuexu/Desktop/qutronix-repository/com/sun/jersey/jersey-core/1.19.1/jersey-core-1.19.1.jar:/Users/mingyuexu/Desktop/qutronix-repository/javax/ws/rs/jsr311-api/1.1.1/jsr311-api-1.1.1.jar:/Users/mingyuexu/Desktop/qutronix-repository/com/sun/jersey/contribs/jersey-apache-client4/1.19.1/jersey-apache-client4-1.19.1.jar:/Users/mingyuexu/Desktop/qutronix-repository/com/netflix/servo/servo-core/0.12.21/servo-core-0.12.21.jar:/Users/mingyuexu/Desktop/qutronix-repository/com/netflix/netflix-commons/netflix-commons-util/0.3.0/netflix-commons-util-0.3.0.jar:/Users/mingyuexu/Desktop/qutronix-repository/com/netflix/ribbon/ribbon-loadbalancer/2.3.0/ribbon-loadbalancer-2.3.0.jar:/Users/mingyuexu/Desktop/qutronix-repository/com/netflix/netflix-commons/netflix-statistics/0.1.1/netflix-statistics-0.1.1.jar:/Users/mingyuexu/Desktop/qutronix-repository/io/reactivex/rxjava/1.3.8/rxjava-1.3.8.jar:/Users/mingyuexu/Desktop/qutronix-repository/com/alibaba/cloud/spring-cloud-starter-alibaba-nacos-config/2.1.0.RELEASE/spring-cloud-starter-alibaba-nacos-config-2.1.0.RELEASE.jar:/Users/mingyuexu/Desktop/qutronix-repository/com/alibaba/cloud/spring-cloud-alibaba-nacos-config/2.1.0.RELEASE/spring-cloud-alibaba-nacos-config-2.1.0.RELEASE.jar:/Users/mingyuexu/Desktop/qutronix-repository/org/springframework/cloud/spring-cloud-starter-gateway/2.2.5.RELEASE/spring-cloud-starter-gateway-2.2.5.RELEASE.jar:/Users/mingyuexu/Desktop/qutronix-repository/org/springframework/cloud/spring-cloud-starter/2.2.5.RELEASE/spring-cloud-starter-2.2.5.RELEASE.jar:/Users/mingyuexu/Desktop/qutronix-repository/org/springframework/security/spring-security-rsa/1.0.9.RELEASE/spring-security-rsa-1.0.9.RELEASE.jar:/Users/mingyuexu/Desktop/qutronix-repository/org/bouncycastle/bcpkix-jdk15on/1.64/bcpkix-jdk15on-1.64.jar:/Users/mingyuexu/Desktop/qutronix-repository/org/bouncycastle/bcprov-jdk15on/1.64/bcprov-jdk15on-1.64.jar:/Users/mingyuexu/Desktop/qutronix-repository/org/springframework/cloud/spring-cloud-gateway-core/2.2.5.RELEASE/spring-cloud-gateway-core-2.2.5.RELEASE.jar:/Users/mingyuexu/Desktop/qutronix-repository/org/springframework/boot/spring-boot-starter-validation/2.3.4.RELEASE/spring-boot-starter-validation-2.3.4.RELEASE.jar:/Users/mingyuexu/Desktop/qutronix-repository/org/glassfish/jakarta.el/3.0.3/jakarta.el-3.0.3.jar:/Users/mingyuexu/Desktop/qutronix-repository/org/hibernate/validator/hibernate-validator/6.1.5.Final/hibernate-validator-6.1.5.Final.jar:/Users/mingyuexu/Desktop/qutronix-repository/jakarta/validation/jakarta.validation-api/2.0.2/jakarta.validation-api-2.0.2.jar:/Users/mingyuexu/Desktop/qutronix-repository/org/jboss/logging/jboss-logging/3.4.1.Final/jboss-logging-3.4.1.Final.jar:/Users/mingyuexu/Desktop/qutronix-repository/com/fasterxml/classmate/1.5.1/classmate-1.5.1.jar:/Users/mingyuexu/Desktop/qutronix-repository/io/projectreactor/addons/reactor-extra/3.3.4.RELEASE/reactor-extra-3.3.4.RELEASE.jar:/Users/mingyuexu/Desktop/qutronix-repository/io/projectreactor/reactor-core/3.3.10.RELEASE/reactor-core-3.3.10.RELEASE.jar:/Users/mingyuexu/Desktop/qutronix-repository/org/reactivestreams/reactive-streams/1.0.3/reactive-streams-1.0.3.jar:/Users/mingyuexu/Desktop/qutronix-repository/org/springframework/boot/spring-boot-starter-webflux/2.3.4.RELEASE/spring-boot-starter-webflux-2.3.4.RELEASE.jar:/Users/mingyuexu/Desktop/qutronix-repository/org/springframework/boot/spring-boot-starter-json/2.3.4.RELEASE/spring-boot-starter-json-2.3.4.RELEASE.jar:/Users/mingyuexu/Desktop/qutronix-repository/com/fasterxml/jackson/datatype/jackson-datatype-jdk8/2.11.2/jackson-datatype-jdk8-2.11.2.jar:/Users/mingyuexu/Desktop/qutronix-repository/com/fasterxml/jackson/datatype/jackson-datatype-jsr310/2.11.2/jackson-datatype-jsr310-2.11.2.jar:/Users/mingyuexu/Desktop/qutronix-repository/com/fasterxml/jackson/module/jackson-module-parameter-names/2.11.2/jackson-module-parameter-names-2.11.2.jar:/Users/mingyuexu/Desktop/qutronix-repository/org/springframework/boot/spring-boot-starter-reactor-netty/2.3.4.RELEASE/spring-boot-starter-reactor-netty-2.3.4.RELEASE.jar:/Users/mingyuexu/Desktop/qutronix-repository/io/projectreactor/netty/reactor-netty/0.9.12.RELEASE/reactor-netty-0.9.12.RELEASE.jar:/Users/mingyuexu/Desktop/qutronix-repository/io/netty/netty-codec-http/4.1.52.Final/netty-codec-http-4.1.52.Final.jar:/Users/mingyuexu/Desktop/qutronix-repository/io/netty/netty-common/4.1.52.Final/netty-common-4.1.52.Final.jar:/Users/mingyuexu/Desktop/qutronix-repository/io/netty/netty-buffer/4.1.52.Final/netty-buffer-4.1.52.Final.jar:/Users/mingyuexu/Desktop/qutronix-repository/io/netty/netty-transport/4.1.52.Final/netty-transport-4.1.52.Final.jar:/Users/mingyuexu/Desktop/qutronix-repository/io/netty/netty-codec/4.1.52.Final/netty-codec-4.1.52.Final.jar:/Users/mingyuexu/Desktop/qutronix-repository/io/netty/netty-codec-http2/4.1.52.Final/netty-codec-http2-4.1.52.Final.jar:/Users/mingyuexu/Desktop/qutronix-repository/io/netty/netty-handler/4.1.52.Final/netty-handler-4.1.52.Final.jar:/Users/mingyuexu/Desktop/qutronix-repository/io/netty/netty-resolver/4.1.52.Final/netty-resolver-4.1.52.Final.jar:/Users/mingyuexu/Desktop/qutronix-repository/io/netty/netty-handler-proxy/4.1.52.Final/netty-handler-proxy-4.1.52.Final.jar:/Users/mingyuexu/Desktop/qutronix-repository/io/netty/netty-codec-socks/4.1.52.Final/netty-codec-socks-4.1.52.Final.jar:/Users/mingyuexu/Desktop/qutronix-repository/io/netty/netty-transport-native-epoll/4.1.52.Final/netty-transport-native-epoll-4.1.52.Final-linux-x86_64.jar:/Users/mingyuexu/Desktop/qutronix-repository/io/netty/netty-transport-native-unix-common/4.1.52.Final/netty-transport-native-unix-common-4.1.52.Final.jar:/Users/mingyuexu/Desktop/qutronix-repository/org/springframework/spring-web/5.2.9.RELEASE/spring-web-5.2.9.RELEASE.jar:/Users/mingyuexu/Desktop/qutronix-repository/org/springframework/spring-beans/5.2.9.RELEASE/spring-beans-5.2.9.RELEASE.jar:/Users/mingyuexu/Desktop/qutronix-repository/org/springframework/spring-webflux/5.2.9.RELEASE/spring-webflux-5.2.9.RELEASE.jar:/Users/mingyuexu/Desktop/qutronix-repository/org/synchronoss/cloud/nio-multipart-parser/1.1.0/nio-multipart-parser-1.1.0.jar:/Users/mingyuexu/Desktop/qutronix-repository/org/synchronoss/cloud/nio-stream-storage/1.1.3/nio-stream-storage-1.1.3.jar:/Users/mingyuexu/Desktop/qutronix-repository/org/springframework/boot/spring-boot-starter-test/2.3.4.RELEASE/spring-boot-starter-test-2.3.4.RELEASE.jar:/Users/mingyuexu/Desktop/qutronix-repository/org/springframework/boot/spring-boot-starter/2.3.4.RELEASE/spring-boot-starter-2.3.4.RELEASE.jar:/Users/mingyuexu/Desktop/qutronix-repository/org/springframework/boot/spring-boot/2.3.4.RELEASE/spring-boot-2.3.4.RELEASE.jar:/Users/mingyuexu/Desktop/qutronix-repository/org/springframework/spring-context/5.2.9.RELEASE/spring-context-5.2.9.RELEASE.jar:/Users/mingyuexu/Desktop/qutronix-repository/org/springframework/spring-aop/5.2.9.RELEASE/spring-aop-5.2.9.RELEASE.jar:/Users/mingyuexu/Desktop/qutronix-repository/org/springframework/spring-expression/5.2.9.RELEASE/spring-expression-5.2.9.RELEASE.jar:/Users/mingyuexu/Desktop/qutronix-repository/org/springframework/boot/spring-boot-autoconfigure/2.3.4.RELEASE/spring-boot-autoconfigure-2.3.4.RELEASE.jar:/Users/mingyuexu/Desktop/qutronix-repository/org/springframework/boot/spring-boot-starter-logging/2.3.4.RELEASE/spring-boot-starter-logging-2.3.4.RELEASE.jar:/Users/mingyuexu/Desktop/qutronix-repository/ch/qos/logback/logback-classic/1.2.3/logback-classic-1.2.3.jar:/Users/mingyuexu/Desktop/qutronix-repository/ch/qos/logback/logback-core/1.2.3/logback-core-1.2.3.jar:/Users/mingyuexu/Desktop/qutronix-repository/org/apache/logging/log4j/log4j-to-slf4j/2.13.3/log4j-to-slf4j-2.13.3.jar:/Users/mingyuexu/Desktop/qutronix-repository/org/apache/logging/log4j/log4j-api/2.13.3/log4j-api-2.13.3.jar:/Users/mingyuexu/Desktop/qutronix-repository/org/slf4j/jul-to-slf4j/1.7.30/jul-to-slf4j-1.7.30.jar:/Users/mingyuexu/Desktop/qutronix-repository/jakarta/annotation/jakarta.annotation-api/1.3.5/jakarta.annotation-api-1.3.5.jar:/Users/mingyuexu/Desktop/qutronix-repository/org/yaml/snakeyaml/1.26/snakeyaml-1.26.jar:/Users/mingyuexu/Desktop/qutronix-repository/org/springframework/boot/spring-boot-test/2.3.4.RELEASE/spring-boot-test-2.3.4.RELEASE.jar:/Users/mingyuexu/Desktop/qutronix-repository/org/springframework/boot/spring-boot-test-autoconfigure/2.3.4.RELEASE/spring-boot-test-autoconfigure-2.3.4.RELEASE.jar:/Users/mingyuexu/Desktop/qutronix-repository/com/jayway/jsonpath/json-path/2.4.0/json-path-2.4.0.jar:/Users/mingyuexu/Desktop/qutronix-repository/net/minidev/json-smart/2.3/json-smart-2.3.jar:/Users/mingyuexu/Desktop/qutronix-repository/net/minidev/accessors-smart/1.2/accessors-smart-1.2.jar:/Users/mingyuexu/Desktop/qutronix-repository/org/ow2/asm/asm/5.0.4/asm-5.0.4.jar:/Users/mingyuexu/Desktop/qutronix-repository/org/slf4j/slf4j-api/1.7.30/slf4j-api-1.7.30.jar:/Users/mingyuexu/Desktop/qutronix-repository/jakarta/xml/bind/jakarta.xml.bind-api/2.3.3/jakarta.xml.bind-api-2.3.3.jar:/Users/mingyuexu/Desktop/qutronix-repository/jakarta/activation/jakarta.activation-api/1.2.2/jakarta.activation-api-1.2.2.jar:/Users/mingyuexu/Desktop/qutronix-repository/org/assertj/assertj-core/3.16.1/assertj-core-3.16.1.jar:/Users/mingyuexu/Desktop/qutronix-repository/org/hamcrest/hamcrest/2.2/hamcrest-2.2.jar:/Users/mingyuexu/Desktop/qutronix-repository/org/junit/jupiter/junit-jupiter/5.6.2/junit-jupiter-5.6.2.jar:/Users/mingyuexu/Desktop/qutronix-repository/org/junit/jupiter/junit-jupiter-api/5.6.2/junit-jupiter-api-5.6.2.jar:/Users/mingyuexu/Desktop/qutronix-repository/org/apiguardian/apiguardian-api/1.1.0/apiguardian-api-1.1.0.jar:/Users/mingyuexu/Desktop/qutronix-repository/org/opentest4j/opentest4j/1.2.0/opentest4j-1.2.0.jar:/Users/mingyuexu/Desktop/qutronix-repository/org/junit/platform/junit-platform-commons/1.6.2/junit-platform-commons-1.6.2.jar:/Users/mingyuexu/Desktop/qutronix-repository/org/junit/jupiter/junit-jupiter-params/5.6.2/junit-jupiter-params-5.6.2.jar:/Users/mingyuexu/Desktop/qutronix-repository/org/junit/jupiter/junit-jupiter-engine/5.6.2/junit-jupiter-engine-5.6.2.jar:/Users/mingyuexu/Desktop/qutronix-repository/org/junit/platform/junit-platform-engine/1.6.2/junit-platform-engine-1.6.2.jar:/Users/mingyuexu/Desktop/qutronix-repository/org/mockito/mockito-core/3.3.3/mockito-core-3.3.3.jar:/Users/mingyuexu/Desktop/qutronix-repository/net/bytebuddy/byte-buddy/1.10.14/byte-buddy-1.10.14.jar:/Users/mingyuexu/Desktop/qutronix-repository/net/bytebuddy/byte-buddy-agent/1.10.14/byte-buddy-agent-1.10.14.jar:/Users/mingyuexu/Desktop/qutronix-repository/org/objenesis/objenesis/2.6/objenesis-2.6.jar:/Users/mingyuexu/Desktop/qutronix-repository/org/mockito/mockito-junit-jupiter/3.3.3/mockito-junit-jupiter-3.3.3.jar:/Users/mingyuexu/Desktop/qutronix-repository/org/skyscreamer/jsonassert/1.5.0/jsonassert-1.5.0.jar:/Users/mingyuexu/Desktop/qutronix-repository/com/vaadin/external/google/android-json/0.0.20131108.vaadin1/android-json-0.0.20131108.vaadin1.jar:/Users/mingyuexu/Desktop/qutronix-repository/org/springframework/spring-core/5.2.9.RELEASE/spring-core-5.2.9.RELEASE.jar:/Users/mingyuexu/Desktop/qutronix-repository/org/springframework/spring-jcl/5.2.9.RELEASE/spring-jcl-5.2.9.RELEASE.jar:/Users/mingyuexu/Desktop/qutronix-repository/org/springframework/spring-test/5.2.9.RELEASE/spring-test-5.2.9.RELEASE.jar:/Users/mingyuexu/Desktop/qutronix-repository/org/xmlunit/xmlunit-core/2.7.0/xmlunit-core-2.7.0.jar:"/>
    <property name="sun.cpu.endian" value="little"/>
    <property name="user.home" value="/Users/mingyuexu"/>
    <property name="user.language" value="zh"/>
    <property name="java.specification.vendor" value="Oracle Corporation"/>
    <property name="java.home" value="/Library/Java/JavaVirtualMachines/jdk1.8.0_261.jdk/Contents/Home/jre"/>
    <property name="basedir" value="/Users/mingyuexu/IdeaProjects/demo/qutronixcloud/qutronix-gateway"/>
    <property name="file.separator" value="/"/>
    <property name="line.separator" value="&#10;"/>
    <property name="java.vm.specification.vendor" value="Oracle Corporation"/>
    <property name="java.specification.name" value="Java Platform API Specification"/>
    <property name="java.awt.graphicsenv" value="sun.awt.CGraphicsEnvironment"/>
    <property name="surefire.real.class.path" value="/Users/mingyuexu/IdeaProjects/demo/qutronixcloud/qutronix-gateway/target/surefire/surefirebooter1540324462657528675.jar"/>
    <property name="sun.boot.class.path" value="/Library/Java/JavaVirtualMachines/jdk1.8.0_261.jdk/Contents/Home/jre/lib/resources.jar:/Library/Java/JavaVirtualMachines/jdk1.8.0_261.jdk/Contents/Home/jre/lib/rt.jar:/Library/Java/JavaVirtualMachines/jdk1.8.0_261.jdk/Contents/Home/jre/lib/sunrsasign.jar:/Library/Java/JavaVirtualMachines/jdk1.8.0_261.jdk/Contents/Home/jre/lib/jsse.jar:/Library/Java/JavaVirtualMachines/jdk1.8.0_261.jdk/Contents/Home/jre/lib/jce.jar:/Library/Java/JavaVirtualMachines/jdk1.8.0_261.jdk/Contents/Home/jre/lib/charsets.jar:/Library/Java/JavaVirtualMachines/jdk1.8.0_261.jdk/Contents/Home/jre/lib/jfr.jar:/Library/Java/JavaVirtualMachines/jdk1.8.0_261.jdk/Contents/Home/jre/classes"/>
    <property name="sun.management.compiler" value="HotSpot 64-Bit Tiered Compilers"/>
    <property name="java.runtime.version" value="1.8.0_261-b12"/>
    <property name="user.name" value="mingyuexu"/>
    <property name="path.separator" value=":"/>
    <property name="os.version" value="10.15.6"/>
    <property name="java.endorsed.dirs" value="/Library/Java/JavaVirtualMachines/jdk1.8.0_261.jdk/Contents/Home/jre/lib/endorsed"/>
    <property name="java.runtime.name" value="Java(TM) SE Runtime Environment"/>
    <property name="file.encoding" value="UTF-8"/>
    <property name="java.vm.name" value="Java HotSpot(TM) 64-Bit Server VM"/>
    <property name="localRepository" value="/Users/mingyuexu/Desktop/qutronix-repository"/>
    <property name="java.vendor.url.bug" value="http://bugreport.sun.com/bugreport/"/>
    <property name="java.io.tmpdir" value="/var/folders/zf/g3hs53wx349555pt773_t9v00000gq/T/"/>
    <property name="idea.version" value="2020.2.1"/>
    <property name="java.version" value="1.8.0_261"/>
    <property name="user.dir" value="/Users/mingyuexu/IdeaProjects/demo/qutronixcloud/qutronix-gateway"/>
    <property name="os.arch" value="x86_64"/>
    <property name="java.vm.specification.name" value="Java Virtual Machine Specification"/>
    <property name="java.awt.printerjob" value="sun.lwawt.macosx.CPrinterJob"/>
    <property name="sun.os.patch.level" value="unknown"/>
    <property name="java.library.path" value="/Users/mingyuexu/Library/Java/Extensions:/Library/Java/Extensions:/Network/Library/Java/Extensions:/System/Library/Java/Extensions:/usr/lib/java:."/>
    <property name="java.vm.info" value="mixed mode"/>
    <property name="java.vendor" value="Oracle Corporation"/>
    <property name="java.vm.version" value="25.261-b12"/>
    <property name="java.ext.dirs" value="/Users/mingyuexu/Library/Java/Extensions:/Library/Java/JavaVirtualMachines/jdk1.8.0_261.jdk/Contents/Home/jre/lib/ext:/Library/Java/Extensions:/Network/Library/Java/Extensions:/System/Library/Java/Extensions:/usr/lib/java"/>
    <property name="sun.io.unicode.encoding" value="UnicodeBig"/>
    <property name="maven.repo.local" value="/Users/mingyuexu/Desktop/qutronix-repository"/>
    <property name="java.class.version" value="52.0"/>
  </properties>
  <testcase name="contextLoads" classname="com.qutronix.cloud.gateway.QutronixGatewayApplicationTests" time="0.313"/>
</testsuite>